C51 COMPILER V9.00   UART_1                                                                12/28/2014 14:00:25 PAGE 1   


C51 COMPILER V9.00, COMPILATION OF MODULE UART_1
OBJECT MODULE PLACED IN UART 1.OBJ
COMPILER INVOKED BY: D:\Keil uVision C51\C51\BIN\C51.EXE UART 1.c BROWSE DEBUG OBJECTEXTEND

line level    source

   1          #include <REG52.H>
   2          
   3          void configure(int baud);
   4          void confiLED();
   5          
   6          unsigned char s=0;
   7          unsigned char code LedChar[]={0x3F,0x06,0x5B,0x4F,0x66,0x6D,0x7D,0x07,
   8                                        0x7F,0x6F};
   9          
  10          void main()
  11          {
  12   1        configure(9600);
  13   1        confiLED();
  14   1        while(1)
  15   1        {
  16   2          if(s>9)
  17   2              {
  18   3                s=0;
  19   3              }
  20   2          P0=LedChar[s];
  21   2        }
  22   1      }
  23           
  24          void confiLED()
  25          {
  26   1        P1=0x08;
  27   1        P0=0x00;  
  28   1      }
  29          
  30          void configure(int baud)
  31          {
  32   1        SCON=0x50;
  33   1        TMOD=0x20;
  34   1        TH1=256-(11059200/12/32)/baud;
  35   1        TL1=TH1;
  36   1        EA=1;
  37   1        ET1=0;
  38   1        ES=1;
  39   1        TR1=1;
  40   1      }
  41          
  42          void interruptUART() interrupt 4
  43          {
  44   1        if(RI)
  45   1        {
  46   2          RI=0;
  47   2              s++;
  48   2              SBUF=SBUF;
  49   2        }     
  50   1        if(TI)
  51   1          TI=0;
  52   1      }
  53          


C51 COMPILER V9.00   UART_1                                                                12/28/2014 14:00:25 PAGE 2   

MODULE INFORMATION:   STATIC OVERLAYABLE
   CODE SIZE        =     96    ----
   CONSTANT SIZE    =     10    ----
   XDATA SIZE       =   ----    ----
   PDATA SIZE       =   ----    ----
   DATA SIZE        =      1    ----
   IDATA SIZE       =   ----    ----
   BIT SIZE         =   ----    ----
END OF MODULE INFORMATION.


C51 COMPILATION COMPLETE.  0 WARNING(S),  0 ERROR(S)
