C51 COMPILER V9.00   I2C                                                                   01/26/2015 16:55:01 PAGE 1   


C51 COMPILER V9.00, COMPILATION OF MODULE I2C
OBJECT MODULE PLACED IN I2C.OBJ
COMPILER INVOKED BY: D:\Keil uVision C51\C51\BIN\C51.EXE I2C.c BROWSE DEBUG OBJECTEXTEND

line level    source

   1          #include <REG52.H>
   2          #include<intrins.h>
   3          #include<confi.h>
   4          #include<I2C.h>
   5          
   6          
   7          
   8          
   9          void Delay()
  10          {
  11   1         unsigned char i=4;
  12   1         while(i--)
  13   1         {
  14   2           _nop_();
  15   2         }
  16   1      }
  17          void I2Cstart()
  18          {
  19   1         SCL=1;
  20   1         SDA=1;
  21   1         Delay();
  22   1         SDA=0;
  23   1         Delay();
  24   1         SCL=0;
  25   1      }
  26          
  27          void I2Cstop()
  28          {
  29   1        
  30   1        SCL=0;
  31   1        SDA=0;
  32   1        Delay();
  33   1        SCL=1;
  34   1        Delay();
  35   1        SDA=1;
  36   1        Delay();
  37   1      
  38   1      }
  39          
  40          bit I2Cwrite(unsigned char cd)
  41          {
  42   1        unsigned char mask;
  43   1        unsigned char temp;
  44   1        bit ack;
  45   1      
  46   1        for(mask=0x80;mask!=0x00;mask>>=1)
  47   1        {
  48   2          temp=mask&cd;
  49   2              if(temp==0)
  50   2                SDA=0;
  51   2              else
  52   2                SDA=1;
  53   2              Delay();
  54   2              SCL=1;
  55   2              Delay();
C51 COMPILER V9.00   I2C                                                                   01/26/2015 16:55:01 PAGE 2   

  56   2              SCL=0;  
  57   2        }
  58   1        SDA=1;
  59   1        Delay();
  60   1        SCL=1;
  61   1        ack=SDA;
  62   1        Delay();
  63   1        SCL=0;
  64   1        return ack;
  65   1      }
  66          
  67          unsigned char I2CreadNAK()
  68          {
  69   1        unsigned char db=0;
  70   1        unsigned char mask;
  71   1      
  72   1        SDA=1;
  73   1        for(mask=0x80;mask!=0;mask>>=1)
  74   1        {
  75   2          Delay();
  76   2              SCL=1;
  77   2              if(SDA==1)
  78   2              {
  79   3                db|=mask;
  80   3              }
  81   2              else
  82   2              {}
  83   2              Delay();
  84   2              SCL=0;    
  85   2        }
  86   1        SDA=1;
  87   1        Delay();
  88   1        SCL=1;
  89   1        Delay();
  90   1        SCL=0;
  91   1        return db;
  92   1      }
  93          
  94          unsigned char I2CreadACK()
  95          {
  96   1        unsigned char db=0;
  97   1        unsigned char mask;
  98   1      
  99   1        SDA=1;
 100   1        for(mask=0x80;mask!=0;mask>>=1)
 101   1        {
 102   2          Delay();
 103   2              SCL=1;
 104   2              if(SDA==1)
 105   2              {
 106   3                db|=mask;
 107   3              }
 108   2              else
 109   2              {}
 110   2              Delay();
 111   2              SCL=0;    
 112   2        }
 113   1        SDA=0;
 114   1        Delay();
 115   1        SCL=1;
 116   1        Delay();
 117   1        SCL=0;
C51 COMPILER V9.00   I2C                                                                   01/26/2015 16:55:01 PAGE 3   

 118   1        return db;
 119   1      }
 120          


MODULE INFORMATION:   STATIC OVERLAYABLE
   CODE SIZE        =    170    ----
   CONSTANT SIZE    =   ----    ----
   XDATA SIZE       =   ----    ----
   PDATA SIZE       =   ----    ----
   DATA SIZE        =   ----    ----
   IDATA SIZE       =   ----    ----
   BIT SIZE         =   ----       1
END OF MODULE INFORMATION.


C51 COMPILATION COMPLETE.  0 WARNING(S),  0 ERROR(S)
