C51 COMPILER V9.00   PCF                                                                   01/26/2015 17:00:15 PAGE 1   


C51 COMPILER V9.00, COMPILATION OF MODULE PCF
OBJECT MODULE PLACED IN PCF.OBJ
COMPILER INVOKED BY: D:\Keil uVision C51\C51\BIN\C51.EXE PCF.c BROWSE DEBUG OBJECTEXTEND

line level    source

   1          #include <REG52.H>
   2          #include<confi.h>
   3          #include<I2C.h>
   4          #include<PCF.h>
   5          
   6          unsigned char ADCread()
   7          {
   8   1        unsigned char dat;
   9   1        while(1)
  10   1        {
  11   2          I2Cstart();
  12   2          if(!I2Cwrite(0x90))
  13   2                break;
  14   2              I2Cstop();
  15   2        }
  16   1        I2Cwrite(0x00);
  17   1        I2Cstart();
  18   1        I2Cwrite(0x91);
  19   1        I2CreadACK();
  20   1        dat=I2CreadNAK();
  21   1        I2Cstop();
  22   1      
  23   1        return dat;
  24   1      
  25   1      }


MODULE INFORMATION:   STATIC OVERLAYABLE
   CODE SIZE        =     42    ----
   CONSTANT SIZE    =   ----    ----
   XDATA SIZE       =   ----    ----
   PDATA SIZE       =   ----    ----
   DATA SIZE        =   ----       1
   IDATA SIZE       =   ----    ----
   BIT SIZE         =   ----    ----
END OF MODULE INFORMATION.


C51 COMPILATION COMPLETE.  0 WARNING(S),  0 ERROR(S)
