C51 COMPILER V9.00   LCD_2                                                                 03/02/2015 14:48:53 PAGE 1   


C51 COMPILER V9.00, COMPILATION OF MODULE LCD_2
OBJECT MODULE PLACED IN LCD 2.OBJ
COMPILER INVOKED BY: D:\Keil uVision C51\C51\BIN\C51.EXE LCD 2.C BROWSE DEBUG OBJECTEXTEND

line level    source

   1          #include <REG52.H>
   2          
   3          #define LCD_DB P0
   4          sbit EN=P1^2;
   5          sbit RS=P1^1;
   6          sbit RW=P1^0;
   7          
   8          void LCD_initial();
   9          void LCD_showstr(unsigned char x,unsigned char y,unsigned char *str);
  10          
  11          
  12          
  13          void main()
  14          {
  15   1        unsigned char *str1="Capacitance is";
  16   1        unsigned char *str2="       uF";
  17   1                                                                                                                
             -                                                                                                                        
             -                                                                                                                        
             -                                                                                                                        
             -                                                                                                                        
             -                                                                                                                        
             -                                                                                                                        
             -                                                                                                                        
             -                                                                                                                        
             -                                                                                                                        
             -                                                                                                                        
             -                                                                                                                        
             -                                                                                                                        
             -                                                                                                                        
             -                                                                                                                        
             -                                                                                                                        
             -                                                                                                        
  18   1                                                                                                                
             -                                                                                                                        
             -                                                                                                                        
             -                                
  19   1        EN=0;
  20   1        LCD_initial();
  21   1        
  22   1        LCD_showstr(0,0,str1);
  23   1        LCD_showstr(0,1,str2);
  24   1        while(1);
  25   1        
  26   1        
  27   1      }
  28          
  29          void LCD_ready()
  30          {
  31   1        unsigned char sta;
  32   1      
  33   1        LCD_DB=0xFF;
  34   1        RS=0;
  35   1        RW=1;
  36   1        do
C51 COMPILER V9.00   LCD_2                                                                 03/02/2015 14:48:53 PAGE 2   

  37   1        {
  38   2          EN=1;
  39   2              sta=LCD_DB;
  40   2              EN=0;
  41   2        } while(sta&0x80);  
  42   1      }
  43          
  44          void LCD_writecmd(unsigned char cmd)
  45          {
  46   1         LCD_ready();
  47   1         RS=0;
  48   1         RW=0;
  49   1         LCD_DB=cmd;
  50   1         EN=1;
  51   1         EN=0;
  52   1      }
  53          
  54          void LCD_writedat(unsigned char dat)
  55          {
  56   1        LCD_ready();
  57   1        RS=1;
  58   1        RW=0;
  59   1        LCD_DB=dat;
  60   1        EN=1;
  61   1        EN=0;
  62   1      }
  63          
  64          void LCD_writeadd(unsigned char x,unsigned char y)
  65          {
  66   1        unsigned char add;
  67   1        if(y==0)
  68   1          add=0x00+x;
  69   1        else
  70   1          add=0x40+x;
  71   1        LCD_writecmd(add|0x80);
  72   1      }
  73          
  74          void LCD_showstr(unsigned char x,unsigned char y,unsigned char *str)
  75          {
  76   1         LCD_writeadd(x,y);
  77   1         while(*str!='\0')
  78   1         {
  79   2           LCD_writedat(*str++);
  80   2         }
  81   1      }
  82          
  83          void LCD_initial()
  84          {
  85   1        LCD_writecmd(0x38);
  86   1        LCD_writecmd(0x0C);
  87   1        LCD_writecmd(0x06);
  88   1        LCD_writecmd(0x01);
  89   1      }
  90          
  91          
  92          
  93          
  94          
  95          
  96          
  97          
  98          
C51 COMPILER V9.00   LCD_2                                                                 03/02/2015 14:48:53 PAGE 3   

  99          
 100          


MODULE INFORMATION:   STATIC OVERLAYABLE
   CODE SIZE        =    178    ----
   CONSTANT SIZE    =     25    ----
   XDATA SIZE       =   ----    ----
   PDATA SIZE       =   ----    ----
   DATA SIZE        =   ----       9
   IDATA SIZE       =   ----    ----
   BIT SIZE         =   ----    ----
END OF MODULE INFORMATION.


C51 COMPILATION COMPLETE.  0 WARNING(S),  0 ERROR(S)
