C51 COMPILER V9.00   DIGITAL_DISPLAY_1                                                     12/17/2014 15:35:03 PAGE 1   


C51 COMPILER V9.00, COMPILATION OF MODULE DIGITAL_DISPLAY_1
OBJECT MODULE PLACED IN Digital Display 1.OBJ
COMPILER INVOKED BY: D:\Keil uVision C51\C51\BIN\C51.EXE Digital Display 1.c BROWSE DEBUG OBJECTEXTEND

line level    source

   1          #include<reg52.h>
   2          
   3          sbit EN=P1^3;
   4          unsigned char code LedChar[]={0x3F,0x06,0x5B,0x4F,0x66,0x6D,0x7D,0x07,
   5                                        0x7F,0x6F};
   6          
   7          void main()
   8          {
   9   1        unsigned char cnt=0;
  10   1        unsigned int i=0;
  11   1      
  12   1        TMOD=0x01;
  13   1        TH0=0x4C;
  14   1        TL0=0x00;
  15   1        TR0=1;
  16   1        EN=1;
  17   1      
  18   1        while(1)
  19   1        {
  20   2          if(TF0==1)
  21   2              {
  22   3                TF0=0;
  23   3                TH0=0x4C;
  24   3                TL0=0x00;
  25   3                cnt++;
  26   3                if(cnt>=20)
  27   3                {
  28   4                  P0=LedChar[i];
  29   4                      i++;
  30   4                      cnt=0;
  31   4                      if(i>=10)
  32   4                      {
  33   5                        i=0;
  34   5                      }
  35   4                }
  36   3              }
  37   2        }
  38   1      
  39   1      
  40   1      }


MODULE INFORMATION:   STATIC OVERLAYABLE
   CODE SIZE        =     62    ----
   CONSTANT SIZE    =     10    ----
   XDATA SIZE       =   ----    ----
   PDATA SIZE       =   ----    ----
   DATA SIZE        =   ----    ----
   IDATA SIZE       =   ----    ----
   BIT SIZE         =   ----    ----
END OF MODULE INFORMATION.


C51 COMPILATION COMPLETE.  0 WARNING(S),  0 ERROR(S)
