C51 COMPILER V9.00   LCD_1                                                                 01/22/2015 17:14:46 PAGE 1   


C51 COMPILER V9.00, COMPILATION OF MODULE LCD_1
OBJECT MODULE PLACED IN LCD 1.OBJ
COMPILER INVOKED BY: D:\Keil uVision C51\C51\BIN\C51.EXE LCD 1.c BROWSE DEBUG OBJECTEXTEND

line level    source

   1          #include<LCD_1.h>
   2          
   3          void LCD_ready()
   4          {
   5   1        unsigned char sta;
   6   1        DB=0xFF;
   7   1        RS=0;
   8   1        RW=1;
   9   1        do
  10   1        {
  11   2          EN=1;
  12   2              sta=DB;
  13   2              EN=0;
  14   2        } while(sta&0x80); 
  15   1        DB=0x00;
  16   1      }
  17          
  18          void LCD_writecmd(unsigned char cmd)
  19          {
  20   1         LCD_ready();
  21   1         RS=0;
  22   1         RW=0;
  23   1         DB=cmd;
  24   1         EN=1;
  25   1         EN=0;
  26   1      }
  27          
  28          void LCD_writedat(unsigned char dat)
  29          {
  30   1        LCD_ready();
  31   1        RS=1;
  32   1        RW=0;
  33   1        DB=dat;
  34   1        EN=1;
  35   1        EN=0;
  36   1      }
  37          
  38          void LCD_writeadd(unsigned char x,unsigned char y)
  39          {
  40   1        unsigned char add;
  41   1        if(y==0)
  42   1          add=0x00+x;
  43   1        else
  44   1          add=0x40+x;
  45   1        LCD_writecmd(add|0x80);
  46   1      }
  47          
  48          void LCD_showstr(unsigned char x,unsigned char y,unsigned char *str)
  49          {
  50   1         LCD_writeadd(x,y);
  51   1         while(*str!='\0')
  52   1         {
  53   2           LCD_writedat(*str++);
  54   2         }
  55   1      }
C51 COMPILER V9.00   LCD_1                                                                 01/22/2015 17:14:46 PAGE 2   

  56          
  57          void LCD_initial()
  58          {
  59   1        LCD_writecmd(0x38);
  60   1        LCD_writecmd(0x0F);
  61   1        LCD_writecmd(0x06);
  62   1        LCD_writecmd(0x01);
  63   1      }
  64          
  65          
  66          
  67          
  68          
  69          


MODULE INFORMATION:   STATIC OVERLAYABLE
   CODE SIZE        =    131    ----
   CONSTANT SIZE    =   ----    ----
   XDATA SIZE       =   ----    ----
   PDATA SIZE       =   ----    ----
   DATA SIZE        =   ----       3
   IDATA SIZE       =   ----    ----
   BIT SIZE         =   ----    ----
END OF MODULE INFORMATION.


C51 COMPILATION COMPLETE.  0 WARNING(S),  0 ERROR(S)
