C51 COMPILER V9.00   LCD                                                                   03/02/2015 15:25:33 PAGE 1   


C51 COMPILER V9.00, COMPILATION OF MODULE LCD
OBJECT MODULE PLACED IN LCD.OBJ
COMPILER INVOKED BY: D:\Keil uVision C51\C51\BIN\C51.EXE LCD.c BROWSE DEBUG OBJECTEXTEND

line level    source

   1          #include <LCD_1.h>
   2          
   3          
   4          
   5          void LCD_ready()
   6          {
   7   1        unsigned char sta;
   8   1        DB=0xFF;
   9   1        RS=0;
  10   1        RW=1;
  11   1        do
  12   1        {
  13   2          EN=1;
  14   2              Delay();
  15   2              sta=DB;
  16   2              EN=0;
  17   2        } while(sta&0x80); 
  18   1        
  19   1      }
  20          
  21          void LCD_writecmd(unsigned char cmd)
  22          {
  23   1         LCD_ready();
  24   1         RS=0;
  25   1         RW=0;
  26   1         DB=cmd;
  27   1         _nop_();
  28   1         EN=1;
  29   1         Delay();
  30   1         EN=0;
  31   1      }
  32          
  33          void LCD_writedat(unsigned char dat)
  34          {
  35   1        LCD_ready();
  36   1        RS=1;
  37   1        RW=0;
  38   1        DB=dat;
  39   1        _nop_();
  40   1        EN=1;
  41   1        Delay();
  42   1        EN=0;
  43   1      }
  44          
  45          void LCD_writeadd(unsigned char x,unsigned char y)
  46          {
  47   1        unsigned char add;
  48   1        if(y==0)
  49   1          add=0x00+x;
  50   1        else
  51   1          add=0x40+x;
  52   1        LCD_writecmd(add|0x80);
  53   1      }
  54          
  55          void LCD_showstr(unsigned char x,unsigned char y,unsigned char *str)
C51 COMPILER V9.00   LCD                                                                   03/02/2015 15:25:33 PAGE 2   

  56          {
  57   1         LCD_writeadd(x,y);
  58   1         while(*str!='\0')
  59   1         {
  60   2           LCD_writedat(*str++);
  61   2         }
  62   1      }
  63          
  64          void LCD_initial()
  65          {
  66   1        LCD_writecmd(0x38);
  67   1        LCD_writecmd(0x0C);
  68   1        LCD_writecmd(0x06);
  69   1        LCD_writecmd(0x01);
  70   1      }
  71          
  72          void Delay()
  73          {
  74   1        unsigned char i=3;
  75   1        while(i--)
  76   1        {
  77   2          _nop_();
  78   2        }
  79   1      
  80   1      }
  81          
  82          
  83          
  84          
  85          
  86          


MODULE INFORMATION:   STATIC OVERLAYABLE
   CODE SIZE        =    155    ----
   CONSTANT SIZE    =   ----    ----
   XDATA SIZE       =   ----    ----
   PDATA SIZE       =   ----    ----
   DATA SIZE        =   ----       6
   IDATA SIZE       =   ----    ----
   BIT SIZE         =   ----    ----
END OF MODULE INFORMATION.


C51 COMPILATION COMPLETE.  0 WARNING(S),  0 ERROR(S)
