C51 COMPILER V9.00   LCD_MAIN                                                              01/22/2015 17:09:33 PAGE 1   


C51 COMPILER V9.00, COMPILATION OF MODULE LCD_MAIN
OBJECT MODULE PLACED IN LCD_main.OBJ
COMPILER INVOKED BY: D:\Keil uVision C51\C51\BIN\C51.EXE LCD_main.c BROWSE DEBUG OBJECTEXTEND

line level    source

   1          #include<LCD_main.h>
   2          
   3          bit flag=0;
   4          unsigned char i=0;
   5          unsigned char txt[9];
   6          
   7          void main()
   8          {
   9   1        P1=0x00;
  10   1        DB=0x00;
  11   1        txt[8]='\0';
  12   1        LCD_initial();
  13   1        configure_UART(9600);
  14   1        while(1)
  15   1        {
  16   2          if(flag)
  17   2              {
  18   3                flag=~flag;
  19   3                LCD_showstr(0,0,txt);
  20   3              }
  21   2        }
  22   1      }
  23          
  24          
  25          void configure_UART(unsigned int baud)
  26          {
  27   1        SCON=0x50;
  28   1        TMOD=0x20;
  29   1        TH1=256-(11059200/12/32)/baud;
  30   1        TL1=TH1;
  31   1        ET1=0;
  32   1        ES=1;
  33   1        TR1=0;
  34   1      }
  35          
  36          void interrupt_UART() interrupt 4
  37          {
  38   1        if(RI)
  39   1        {
  40   2          RI=0;
  41   2              txt[i]=SBUF;
  42   2              SBUF=txt[i];
  43   2              i++;
  44   2              if(i>=8)
  45   2              {
  46   3                 i=0;
  47   3                 flag=1;
  48   3              }
  49   2              
  50   2        }
  51   1         if(TI)
  52   1           TI=0;
  53   1      }


C51 COMPILER V9.00   LCD_MAIN                                                              01/22/2015 17:09:33 PAGE 2   

MODULE INFORMATION:   STATIC OVERLAYABLE
   CODE SIZE        =    128    ----
   CONSTANT SIZE    =   ----    ----
   XDATA SIZE       =   ----    ----
   PDATA SIZE       =   ----    ----
   DATA SIZE        =     10    ----
   IDATA SIZE       =   ----    ----
   BIT SIZE         =      1    ----
END OF MODULE INFORMATION.


C51 COMPILATION COMPLETE.  0 WARNING(S),  0 ERROR(S)
