C51 COMPILER V9.00   MAIN                                                                  03/02/2015 15:25:32 PAGE 1   


C51 COMPILER V9.00, COMPILATION OF MODULE MAIN
OBJECT MODULE PLACED IN main.OBJ
COMPILER INVOKED BY: D:\Keil uVision C51\C51\BIN\C51.EXE main.c BROWSE DEBUG OBJECTEXTEND

line level    source

   1          #include<LCD_main.h>
   2          
   3          bit flag=0;
   4          
   5          unsigned char i=0;
   6          unsigned char txt[30];
   7          
   8          
   9          
  10          
  11          void main()
  12          {
  13   1       
  14   1        EN=0;
  15   1        EA=1;
  16   1        configure_UART(9600); 
  17   1        LCD_initial();
  18   1      
  19   1      
  20   1        while(1)
  21   1        {
  22   2          if(flag)
  23   2              {
  24   3                flag=~flag;
  25   3                LCD_showstr(0,0,txt);
  26   3              }
  27   2        }
  28   1      }
  29          
  30          
  31          void configure_UART(unsigned int baud)
  32          {
  33   1        SCON=0x50;
  34   1        TMOD=0x20;
  35   1        TH1=256-(11059200/12/32)/baud;
  36   1        TL1=TH1;
  37   1        ET1=0;
  38   1        ES=1;
  39   1        TR1=1;
  40   1      }
  41          
  42          void interrupt_UART() interrupt 4
  43          {
  44   1        if(RI)
  45   1        {
  46   2          RI=0;
  47   2              txt[i]=SBUF;
  48   2              SBUF=txt[i];
  49   2              i++;
  50   2              if(txt[i-1]=='.')
  51   2              {
  52   3                flag=1;
  53   3                i=0;
  54   3              }
  55   2              
C51 COMPILER V9.00   MAIN                                                                  03/02/2015 15:25:32 PAGE 2   

  56   2        }
  57   1         if(TI)
  58   1           TI=0;
  59   1      }
  60          
  61          
  62          


MODULE INFORMATION:   STATIC OVERLAYABLE
   CODE SIZE        =    127    ----
   CONSTANT SIZE    =   ----    ----
   XDATA SIZE       =   ----    ----
   PDATA SIZE       =   ----    ----
   DATA SIZE        =     31    ----
   IDATA SIZE       =   ----    ----
   BIT SIZE         =      1    ----
END OF MODULE INFORMATION.


C51 COMPILATION COMPLETE.  0 WARNING(S),  0 ERROR(S)
