C51 COMPILER V9.00   KEY_2                                                                 12/23/2014 16:02:25 PAGE 1   


C51 COMPILER V9.00, COMPILATION OF MODULE KEY_2
OBJECT MODULE PLACED IN Key 2.OBJ
COMPILER INVOKED BY: D:\Keil uVision C51\C51\BIN\C51.EXE Key 2.c BROWSE DEBUG OBJECTEXTEND

line level    source

   1          #include <REG52.H>
   2          
   3          unsigned char code LedChar[]={0x3F,0x06,0x5B,0x4F,0x66,0x6D,0x7D,0x07,
   4                                        0x7F,0x6F};
   5          
   6          sbit ENLED=P1^3;
   7          sbit key=P2^7;
   8          
   9          void main()
  10          {  
  11   1         unsigned char i=0x00;
  12   1      
  13   1         P0=0x00;
  14   1         P1=0x00;
  15   1         ENLED=1;
  16   1         P2=0xFF;
  17   1      
  18   1         while(1)
  19   1         { 
  20   2           i=(i<<1)|~key;
  21   2               if(i==0xFF)
  22   2               {
  23   3                ENLED=1;
  24   3                P0=LedChar[8];
  25   3               }
  26   2               else if(i==0x00)
  27   2               {
  28   3                 //ENLED=0; 
  29   3                 ENLED=1;
  30   3                 P0=LedChar[3];
  31   3               }
  32   2               else
  33   2               {
  34   3                 ENLED=0;
  35   3               }       
  36   2         }
  37   1      }


MODULE INFORMATION:   STATIC OVERLAYABLE
   CODE SIZE        =     50    ----
   CONSTANT SIZE    =     10    ----
   XDATA SIZE       =   ----    ----
   PDATA SIZE       =   ----    ----
   DATA SIZE        =   ----    ----
   IDATA SIZE       =   ----    ----
   BIT SIZE         =   ----    ----
END OF MODULE INFORMATION.


C51 COMPILATION COMPLETE.  0 WARNING(S),  0 ERROR(S)
