C51 COMPILER V9.00   LED1                                                                  08/25/2015 11:15:40 PAGE 1   


C51 COMPILER V9.00, COMPILATION OF MODULE LED1
OBJECT MODULE PLACED IN LED1.OBJ
COMPILER INVOKED BY: D:\Keil uVision C51\C51\BIN\C51.EXE LED1.c BROWSE DEBUG OBJECTEXTEND

line level    source

   1          #include <reg52.h>
   2          
   3          sbit ENLED=P1^2;
   4           
   5          void main()
   6          {
   7   1        unsigned int i=0;
   8   1        unsigned char cnt=0;
   9   1        ENLED=0;
  10   1        while(1)
  11   1        {
  12   2          P0=~(0x01<<cnt);
  13   2              for(i=0;i<50000;i++);
  14   2              cnt++;
  15   2              if(cnt>=4)
  16   2              {
  17   3                cnt=0;
  18   3              }
  19   2        }      
  20   1        
  21   1      
  22   1      }


MODULE INFORMATION:   STATIC OVERLAYABLE
   CODE SIZE        =     65    ----
   CONSTANT SIZE    =   ----    ----
   XDATA SIZE       =   ----    ----
   PDATA SIZE       =   ----    ----
   DATA SIZE        =   ----       1
   IDATA SIZE       =   ----    ----
   BIT SIZE         =   ----    ----
END OF MODULE INFORMATION.


C51 COMPILATION COMPLETE.  0 WARNING(S),  0 ERROR(S)
