C51 COMPILER V9.00   I2C                                                                   03/19/2015 09:44:11 PAGE 1   


C51 COMPILER V9.00, COMPILATION OF MODULE I2C
OBJECT MODULE PLACED IN I2C.OBJ
COMPILER INVOKED BY: D:\Keil uVision C51\C51\BIN\C51.EXE I2C.c BROWSE DEBUG OBJECTEXTEND

line level    source

   1          #define _I2C_C
   2          #include <confi.h>
   3          #include <I2C.h>
   4          
   5          void Delay()
   6          {
   7   1         unsigned char i=4;
   8   1         while(i--)
   9   1         {
  10   2           _nop_();
  11   2         }
  12   1      }
  13          void I2C_start()
  14          {
  15   1         SCL=1;
  16   1         SDA=1;
  17   1         Delay();
  18   1         SDA=0;
  19   1         Delay();
  20   1         SCL=0;
  21   1      }
  22          
  23          void I2C_stop()
  24          {
  25   1        
  26   1        SCL=0;
  27   1        SDA=0;
  28   1        Delay();
  29   1        SCL=1;
  30   1        Delay();
  31   1        SDA=1;
  32   1        Delay();
  33   1      
  34   1      }
  35          
  36          bit I2C_write(unsigned char dat)
  37          {
  38   1        unsigned char mask;
  39   1        unsigned char temp;
  40   1        bit ack;
  41   1      
  42   1        for(mask=0x80;mask!=0x00;mask>>=1)
  43   1        {
  44   2          temp=mask&dat;
  45   2              if(temp==0)
  46   2                SDA=0;
  47   2              else
  48   2                SDA=1;
  49   2              Delay();
  50   2              SCL=1;
  51   2              Delay();
  52   2              SCL=0;  
  53   2        }
  54   1        SDA=1;
  55   1        Delay();
C51 COMPILER V9.00   I2C                                                                   03/19/2015 09:44:11 PAGE 2   

  56   1        SCL=1;
  57   1        ack=SDA;
  58   1        Delay();
  59   1        SCL=0;
  60   1        return (~ack);
  61   1      }
  62          
  63          unsigned char I2C_readNAK()
  64          {
  65   1        unsigned char dat=0;
  66   1        unsigned char mask;
  67   1      
  68   1        SDA=1;
  69   1        for(mask=0x80;mask!=0;mask>>=1)
  70   1        {
  71   2          Delay();
  72   2              SCL=1;
  73   2              if(SDA==1)
  74   2              {
  75   3                dat|=mask;
  76   3              }
  77   2              else
  78   2              {}
  79   2              Delay();
  80   2              SCL=0;    
  81   2        }
  82   1        SDA=1;
  83   1        Delay();
  84   1        SCL=1;
  85   1        Delay();
  86   1        SCL=0;
  87   1        return dat;
  88   1      }
  89          
  90          unsigned char I2C_readACK()
  91          {
  92   1        unsigned char dat=0;
  93   1        unsigned char mask;
  94   1      
  95   1        SDA=1;
  96   1        for(mask=0x80;mask!=0;mask>>=1)
  97   1        {
  98   2          Delay();
  99   2              SCL=1;
 100   2              if(SDA==1)
 101   2              {
 102   3                dat|=mask;
 103   3              }
 104   2              else
 105   2              {}
 106   2              Delay();
 107   2              SCL=0;    
 108   2        }
 109   1        SDA=0;
 110   1        Delay();
 111   1        SCL=1;
 112   1        Delay();
 113   1        SCL=0;
 114   1        return dat;
 115   1      }


C51 COMPILER V9.00   I2C                                                                   03/19/2015 09:44:11 PAGE 3   

MODULE INFORMATION:   STATIC OVERLAYABLE
   CODE SIZE        =    171    ----
   CONSTANT SIZE    =   ----    ----
   XDATA SIZE       =   ----    ----
   PDATA SIZE       =   ----    ----
   DATA SIZE        =   ----    ----
   IDATA SIZE       =   ----    ----
   BIT SIZE         =   ----       1
END OF MODULE INFORMATION.


C51 COMPILATION COMPLETE.  0 WARNING(S),  0 ERROR(S)
