C51 COMPILER V9.00   LCD                                                                   03/19/2015 09:44:11 PAGE 1   


C51 COMPILER V9.00, COMPILATION OF MODULE LCD
OBJECT MODULE PLACED IN LCD.OBJ
COMPILER INVOKED BY: D:\Keil uVision C51\C51\BIN\C51.EXE LCD.c BROWSE DEBUG OBJECTEXTEND

line level    source

   1          #define _LCD_C
   2          #include <confi.h>
   3          #include <LCD.h>
   4          
   5           void LCD_ready()
   6          {
   7   1        unsigned char sta;
   8   1      
   9   1        LCD_DB=0xFF;
  10   1        RS=0;
  11   1        RW=1;
  12   1        do
  13   1        {
  14   2          LCD_EN=1;
  15   2              sta=LCD_DB;
  16   2              LCD_EN=0;
  17   2        } while(sta&0x80);  
  18   1      }
  19          
  20          void LCD_writecmd(unsigned char cmd)
  21          {
  22   1         LCD_ready();
  23   1         RS=0;
  24   1         RW=0;
  25   1         LCD_DB=cmd;
  26   1         LCD_EN=1;
  27   1         LCD_EN=0;
  28   1      }
  29          
  30          void LCD_writedat(unsigned char dat)
  31          {
  32   1        LCD_ready();
  33   1        RS=1;
  34   1        RW=0;
  35   1        LCD_DB=dat;
  36   1        LCD_EN=1;
  37   1        LCD_EN=0;
  38   1      }
  39          
  40          void LCD_writeadd(unsigned char x,unsigned char y)
  41          {
  42   1        unsigned char add;
  43   1        if(y==0)
  44   1          add=0x00+x;
  45   1        else
  46   1          add=0x40+x;
  47   1        LCD_writecmd(add|0x80);
  48   1      }
  49          
  50          void LCD_showstr(unsigned char x,unsigned char y,unsigned char *str)
  51          {
  52   1         LCD_writeadd(x,y);
  53   1         while(*str!='\0')
  54   1         {
  55   2             LCD_writedat(*str++);     
C51 COMPILER V9.00   LCD                                                                   03/19/2015 09:44:11 PAGE 2   

  56   2         }
  57   1      }
  58          
  59          void LCD_clear()
  60          {
  61   1       LCD_writecmd(0x01);
  62   1      }
  63          
  64          void LCD_initial()
  65          {
  66   1        LCD_writecmd(0x38);
  67   1        LCD_writecmd(0x0C);
  68   1        LCD_writecmd(0x06);
  69   1        LCD_writecmd(0x01);
  70   1      }


MODULE INFORMATION:   STATIC OVERLAYABLE
   CODE SIZE        =    133    ----
   CONSTANT SIZE    =   ----    ----
   XDATA SIZE       =   ----    ----
   PDATA SIZE       =   ----    ----
   DATA SIZE        =   ----       3
   IDATA SIZE       =   ----    ----
   BIT SIZE         =   ----    ----
END OF MODULE INFORMATION.


C51 COMPILATION COMPLETE.  0 WARNING(S),  0 ERROR(S)
