C51 COMPILER V9.00   KEY_3                                                                 12/28/2014 13:16:24 PAGE 1   


C51 COMPILER V9.00, COMPILATION OF MODULE KEY_3
OBJECT MODULE PLACED IN Key 3.OBJ
COMPILER INVOKED BY: D:\Keil uVision C51\C51\BIN\C51.EXE Key 3.c BROWSE DEBUG OBJECTEXTEND

line level    source

   1          #include<reg52.h>
   2          
   3          unsigned char code LedChar[]={0x3F,0x06,0x5B,0x4F,0x66,0x6D,0x7D,0x07,
   4                                        0x7F,0x6F};
   5          
   6          sbit key4=P2^7;
   7          sbit ENLED=P1^3;
   8          
   9          unsigned char Keysta=1;
  10          
  11          
  12          void configure();        
  13          
  14          void main()
  15          {
  16   1        unsigned char backup=1;
  17   1        unsigned char num=7;
  18   1      
  19   1        configure();
  20   1      
  21   1        while(1)
  22   1        {       
  23   2            
  24   2            if(Keysta!=backup)
  25   2                 {
  26   3                   if(backup==0)
  27   3                       {
  28   4                         P0=LedChar[num];
  29   4                       }
  30   3                       if(backup==1)
  31   3                       {
  32   4                         P0=LedChar[num-3];
  33   4                       }
  34   3                       backup=Keysta;
  35   3                 }  
  36   2        }
  37   1      }  
  38          
  39          
  40          void configure()
  41          {
  42   1        EA=1;
  43   1        ET1=1;
  44   1        P1=0x00;
  45   1        ENLED=1;
  46   1        P0=0x00;
  47   1        P2=0xF0;
  48   1        TMOD=0x10;
  49   1        TH1=0xF7;             //1ms
  50   1        TL1=0x00;
  51   1        TR1=1;
  52   1      }
  53          
  54          void InterruptTimer1() interrupt 3
  55          {
C51 COMPILER V9.00   KEY_3                                                                 12/28/2014 13:16:24 PAGE 2   

  56   1        static unsigned char keybuf=0x00;
  57   1        TH1=0xF7;
  58   1        TL1=0x00;
  59   1        
  60   1        keybuf=(keybuf<<1)|key4;
  61   1              switch(keybuf)
  62   1              {
  63   2                case 0xFF:Keysta=1;break;
  64   2                case 0x00:Keysta=0;break;
  65   2                default:break;
  66   2              }
  67   1      }
  68          


MODULE INFORMATION:   STATIC OVERLAYABLE
   CODE SIZE        =    117    ----
   CONSTANT SIZE    =     10    ----
   XDATA SIZE       =   ----    ----
   PDATA SIZE       =   ----    ----
   DATA SIZE        =      2       2
   IDATA SIZE       =   ----    ----
   BIT SIZE         =   ----    ----
END OF MODULE INFORMATION.


C51 COMPILATION COMPLETE.  0 WARNING(S),  0 ERROR(S)
