C51 COMPILER V9.00   KEY_1                                                                 12/28/2014 13:09:51 PAGE 1   


C51 COMPILER V9.00, COMPILATION OF MODULE KEY_1
OBJECT MODULE PLACED IN Key 1.OBJ
COMPILER INVOKED BY: D:\Keil uVision C51\C51\BIN\C51.EXE Key 1.c BROWSE DEBUG OBJECTEXTEND

line level    source

   1          #include<reg52.h>
   2          
   3          unsigned char code LedChar[]={0x3F,0x06,0x5B,0x4F,0x66,0x6D,0x7D,0x07,
   4                                        0x7F,0x6F};
   5          
   6          sbit keyout=P2^0;
   7          sbit key1=P2^4;
   8          sbit key2=P2^5;
   9          sbit key3=P2^6;
  10          sbit key4=P2^7;
  11          sbit ENLED=P1^3;
  12          
  13          unsigned char Keysta[]={1,1,1,1};
  14          
  15          void configure();        
  16          
  17          void main()
  18          {
  19   1        unsigned char backup[]={1,1,1,1};
  20   1        unsigned char i=0;
  21   1      
  22   1        configure();
  23   1      
  24   1        while(1)
  25   1        {
  26   2           for(i=0;i<=3;i++)
  27   2               {
  28   3                 if(Keysta[i]!=backup[i])
  29   3                 {
  30   4                   if(backup[i]==0)
  31   4                       {
  32   5                         P0=LedChar[i*2];
  33   5                       }
  34   4                       backup[i]=Keysta[i]; 
  35   4                 }
  36   3               }
  37   2        }  
  38   1      }
  39          
  40          void configure()
  41          {
  42   1        EA=1;
  43   1        ET0=1;
  44   1        P1=0x00;
  45   1        ENLED=1;
  46   1        P0=0x00;
  47   1        P2=0xF0;
  48   1        TMOD=0x01;
  49   1        TH0=0xF8;             //1ms
  50   1        TL0=0xCD;
  51   1        TR0=1;
  52   1      }
  53          
  54          void InterruptTimer0() interrupt 1
  55          {
C51 COMPILER V9.00   KEY_1                                                                 12/28/2014 13:09:51 PAGE 2   

  56   1        static unsigned char keybuf[]={0xFF,0xFF,0xFF,0xFF};
  57   1        unsigned char i=0;
  58   1      
  59   1        TH0=0xF8;
  60   1        TL0=0xCD;
  61   1        keybuf[0]=(keybuf[0]<<1)|key1;
  62   1        keybuf[1]=(keybuf[1]<<1)|key2;
  63   1        keybuf[2]=(keybuf[2]<<1)|key3;
  64   1        keybuf[3]=(keybuf[3]<<1)|key4;
  65   1        for(i=0;i<=3;i++)
  66   1        {
  67   2          if((keybuf[i]&0xFF)==0xFF)
  68   2              {
  69   3                Keysta[i]=1;
  70   3              }
  71   2              else if((keybuf[i]&0xFF)==0x00)
  72   2              {
  73   3                Keysta[i]=0;
  74   3              }
  75   2              else 
  76   2              {
  77   3              }
  78   2        }
  79   1      
  80   1      }


MODULE INFORMATION:   STATIC OVERLAYABLE
   CODE SIZE        =    217    ----
   CONSTANT SIZE    =     14    ----
   XDATA SIZE       =   ----    ----
   PDATA SIZE       =   ----    ----
   DATA SIZE        =      8       5
   IDATA SIZE       =   ----    ----
   BIT SIZE         =   ----    ----
END OF MODULE INFORMATION.


C51 COMPILATION COMPLETE.  0 WARNING(S),  0 ERROR(S)
