C51 COMPILER V9.00   DIGITAL_DISPLAY_2                                                     12/19/2014 19:50:09 PAGE 1   


C51 COMPILER V9.00, COMPILATION OF MODULE DIGITAL_DISPLAY_2
OBJECT MODULE PLACED IN Digital Display 2.OBJ
COMPILER INVOKED BY: D:\Keil uVision C51\C51\BIN\C51.EXE Digital Display 2.c BROWSE DEBUG OBJECTEXTEND

line level    source

   1          #include<reg52.h>
   2          
   3          unsigned char code LedChar[]={0x3F,0x06,0x5B,0x4F,0x66,0x6D,0x7D,0x07,
   4                                        0x7F,0x6F};
   5          unsigned char LedBuff[]={0x00,0x00,0x00};
   6          
   7          void main()
   8          {
   9   1       
  10   1        unsigned int cnt=0;
  11   1        unsigned int sec=0;
  12   1        unsigned char i=0;
  13   1       
  14   1        P1=0x00;
  15   1        TMOD=0x01;
  16   1        TH0=0xF8;                                                                     
  17   1        TL0=0xCD;
  18   1        TR0=1;
  19   1      
  20   1        while(1)
  21   1        {
  22   2          
  23   2          if(TF0==1)
  24   2              {
  25   3      
  26   3                TF0=0;
  27   3                TH0=0xF8;                                                                     
  28   3            TL0=0xCD;
  29   3                cnt++;
  30   3                
  31   3            if(cnt>=500)
  32   3                {
  33   4                  cnt=0;
  34   4                  sec++;
  35   4                      
  36   4                      LedBuff[0]=LedChar[sec%10];
  37   4                      LedBuff[1]=LedChar[sec/10%10];
  38   4                      LedBuff[2]=LedChar[sec/100%10];
  39   4                      if(sec>=1000)
  40   4                      {
  41   5                        sec=0;
  42   5                      }           
  43   4                }
  44   3                P0=0x00;
  45   3                switch(i)
  46   3                {
  47   4                  case 0:P1=0x08;P0=LedBuff[0];i++;break;
  48   4                      case 1:P1=0x04;P0=LedBuff[1];i++;break;
  49   4                      case 2:P1=0x02;P0=LedBuff[2];i=0;break;
  50   4                      default:break;
  51   4                }     
  52   3               
  53   3      
  54   3              }
  55   2        }
C51 COMPILER V9.00   DIGITAL_DISPLAY_2                                                     12/19/2014 19:50:09 PAGE 2   

  56   1      
  57   1      }


MODULE INFORMATION:   STATIC OVERLAYABLE
   CODE SIZE        =    216    ----
   CONSTANT SIZE    =     10    ----
   XDATA SIZE       =   ----    ----
   PDATA SIZE       =   ----    ----
   DATA SIZE        =      3       4
   IDATA SIZE       =   ----    ----
   BIT SIZE         =   ----    ----
END OF MODULE INFORMATION.


C51 COMPILATION COMPLETE.  0 WARNING(S),  0 ERROR(S)
