C51 COMPILER V9.00   LED3                                                                  12/16/2014 15:45:39 PAGE 1   


C51 COMPILER V9.00, COMPILATION OF MODULE LED3
OBJECT MODULE PLACED IN LED3.OBJ
COMPILER INVOKED BY: D:\Keil uVision C51\C51\BIN\C51.EXE LED3.c DEBUG OBJECTEXTEND

line level    source

   1          #include<reg52.h>
   2          
   3          sbit ENLED=P1^2;
   4          
   5          void main()
   6          {
   7   1        unsigned int i=0;
   8   1        unsigned char cnt=0;
   9   1        bit dir=0;
  10   1        ENLED=0;
  11   1        TMOD=0x01;
  12   1        TH0=0xDC;
  13   1        TL0=0x00;
  14   1        TR0=1;
  15   1      
  16   1        while(1)
  17   1        {
  18   2          if(TF0==1)
  19   2              {
  20   3                TF0=0;
  21   3                TH0=0xDC;
  22   3                TL0=0x00;
  23   3                cnt++;
  24   3                if(cnt>=100)
  25   3                {
  26   4                  cnt=0;
  27   4                  if(dir==0)
  28   4                      {
  29   5                P0=~(0x01<<i);
  30   5                        i++;
  31   5                        if(i>=4)
  32   5                        {
  33   6                          dir=1;
  34   6                              i=0;
  35   6                        }
  36   5                       }
  37   4                        else
  38   4                        {
  39   5                          P0=~(0x08>>i);
  40   5                              i++;
  41   5                              if(i>=4)
  42   5                              {
  43   6                                dir=0;
  44   6                                i=0;
  45   6                              }
  46   5                        }
  47   4                 }
  48   3               }
  49   2         }
  50   1      }
  51          
  52          
  53                              
  54          

C51 COMPILER V9.00   LED3                                                                  12/16/2014 15:45:39 PAGE 2   


MODULE INFORMATION:   STATIC OVERLAYABLE
   CODE SIZE        =    114    ----
   CONSTANT SIZE    =   ----    ----
   XDATA SIZE       =   ----    ----
   PDATA SIZE       =   ----    ----
   DATA SIZE        =   ----    ----
   IDATA SIZE       =   ----    ----
   BIT SIZE         =   ----       1
END OF MODULE INFORMATION.


C51 COMPILATION COMPLETE.  0 WARNING(S),  0 ERROR(S)
